{"/Users/jenniferbacon/Documents/Coding/Makers/week14/tictactoe-tech-test/test/gameTest.js":{"path":"/Users/jenniferbacon/Documents/Coding/Makers/week14/tictactoe-tech-test/test/gameTest.js","s":{"1":1,"2":0,"3":0,"4":0,"5":0,"6":0,"7":0,"8":0,"9":0,"10":0,"11":0,"12":0,"13":0,"14":0,"15":0,"16":0,"17":0,"18":0,"19":0,"20":0,"21":0,"22":0,"23":0,"24":0,"25":0,"26":0,"27":0,"28":0,"29":0,"30":0,"31":0,"32":0,"33":0,"34":0,"35":0,"36":0,"37":0,"38":0,"39":0,"40":0,"41":0,"42":0,"43":0},"b":{},"f":{"1":0,"2":0,"3":0,"4":0,"5":0,"6":0,"7":0,"8":0,"9":0,"10":0,"11":0,"12":0,"13":0,"14":0,"15":0},"fnMap":{"1":{"name":"(anonymous_1)","line":2,"loc":{"start":{"line":2,"column":17},"end":{"line":2,"column":28}}},"2":{"name":"(anonymous_2)","line":5,"loc":{"start":{"line":5,"column":36},"end":{"line":5,"column":46}}},"3":{"name":"(anonymous_3)","line":6,"loc":{"start":{"line":6,"column":15},"end":{"line":6,"column":26}}},"4":{"name":"(anonymous_4)","line":12,"loc":{"start":{"line":12,"column":50},"end":{"line":12,"column":61}}},"5":{"name":"(anonymous_5)","line":17,"loc":{"start":{"line":17,"column":66},"end":{"line":17,"column":77}}},"6":{"name":"(anonymous_6)","line":21,"loc":{"start":{"line":21,"column":47},"end":{"line":21,"column":58}}},"7":{"name":"(anonymous_7)","line":27,"loc":{"start":{"line":27,"column":42},"end":{"line":27,"column":52}}},"8":{"name":"(anonymous_8)","line":29,"loc":{"start":{"line":29,"column":33},"end":{"line":29,"column":44}}},"9":{"name":"(anonymous_9)","line":32,"loc":{"start":{"line":32,"column":14},"end":{"line":32,"column":24}}},"10":{"name":"(anonymous_10)","line":41,"loc":{"start":{"line":41,"column":59},"end":{"line":41,"column":69}}},"11":{"name":"(anonymous_11)","line":44,"loc":{"start":{"line":44,"column":26},"end":{"line":44,"column":36}}},"12":{"name":"(anonymous_12)","line":50,"loc":{"start":{"line":50,"column":18},"end":{"line":50,"column":28}}},"13":{"name":"(anonymous_13)","line":59,"loc":{"start":{"line":59,"column":54},"end":{"line":59,"column":64}}},"14":{"name":"(anonymous_14)","line":62,"loc":{"start":{"line":62,"column":26},"end":{"line":62,"column":36}}},"15":{"name":"(anonymous_15)","line":68,"loc":{"start":{"line":68,"column":18},"end":{"line":68,"column":28}}}},"statementMap":{"1":{"start":{"line":2,"column":0},"end":{"line":81,"column":3}},"2":{"start":{"line":3,"column":2},"end":{"line":3,"column":11}},"3":{"start":{"line":5,"column":2},"end":{"line":25,"column":4}},"4":{"start":{"line":6,"column":4},"end":{"line":10,"column":7}},"5":{"start":{"line":7,"column":6},"end":{"line":7,"column":33}},"6":{"start":{"line":8,"column":6},"end":{"line":8,"column":21}},"7":{"start":{"line":9,"column":6},"end":{"line":9,"column":56}},"8":{"start":{"line":12,"column":4},"end":{"line":15,"column":7}},"9":{"start":{"line":13,"column":6},"end":{"line":13,"column":19}},"10":{"start":{"line":14,"column":6},"end":{"line":14,"column":68}},"11":{"start":{"line":17,"column":4},"end":{"line":19,"column":7}},"12":{"start":{"line":18,"column":6},"end":{"line":18,"column":90}},"13":{"start":{"line":21,"column":4},"end":{"line":23,"column":7}},"14":{"start":{"line":22,"column":6},"end":{"line":22,"column":92}},"15":{"start":{"line":27,"column":2},"end":{"line":79,"column":4}},"16":{"start":{"line":29,"column":4},"end":{"line":39,"column":7}},"17":{"start":{"line":30,"column":6},"end":{"line":30,"column":36}},"18":{"start":{"line":31,"column":6},"end":{"line":35,"column":7}},"19":{"start":{"line":33,"column":10},"end":{"line":33,"column":35}},"20":{"start":{"line":36,"column":6},"end":{"line":36,"column":19}},"21":{"start":{"line":37,"column":6},"end":{"line":37,"column":26}},"22":{"start":{"line":38,"column":6},"end":{"line":38,"column":47}},"23":{"start":{"line":41,"column":4},"end":{"line":57,"column":7}},"24":{"start":{"line":42,"column":6},"end":{"line":42,"column":48}},"25":{"start":{"line":43,"column":6},"end":{"line":47,"column":8}},"26":{"start":{"line":45,"column":10},"end":{"line":45,"column":47}},"27":{"start":{"line":48,"column":6},"end":{"line":48,"column":40}},"28":{"start":{"line":49,"column":6},"end":{"line":53,"column":8}},"29":{"start":{"line":51,"column":10},"end":{"line":51,"column":39}},"30":{"start":{"line":54,"column":6},"end":{"line":54,"column":56}},"31":{"start":{"line":55,"column":6},"end":{"line":55,"column":57}},"32":{"start":{"line":56,"column":6},"end":{"line":56,"column":59}},"33":{"start":{"line":59,"column":4},"end":{"line":76,"column":7}},"34":{"start":{"line":60,"column":6},"end":{"line":60,"column":48}},"35":{"start":{"line":61,"column":6},"end":{"line":65,"column":8}},"36":{"start":{"line":63,"column":10},"end":{"line":63,"column":47}},"37":{"start":{"line":66,"column":6},"end":{"line":66,"column":40}},"38":{"start":{"line":67,"column":6},"end":{"line":71,"column":8}},"39":{"start":{"line":69,"column":10},"end":{"line":69,"column":39}},"40":{"start":{"line":72,"column":6},"end":{"line":72,"column":56}},"41":{"start":{"line":73,"column":6},"end":{"line":73,"column":57}},"42":{"start":{"line":74,"column":6},"end":{"line":74,"column":86}},"43":{"start":{"line":75,"column":6},"end":{"line":75,"column":51}}},"branchMap":{}}}