TN:
SF:/Users/jenniferbacon/Documents/Coding/Makers/week14/tictactoe-tech-test/test/gameTest.js
FN:2,(anonymous_1)
FN:5,(anonymous_2)
FN:6,(anonymous_3)
FN:12,(anonymous_4)
FN:17,(anonymous_5)
FN:21,(anonymous_6)
FN:27,(anonymous_7)
FN:29,(anonymous_8)
FN:32,(anonymous_9)
FN:41,(anonymous_10)
FN:44,(anonymous_11)
FN:50,(anonymous_12)
FN:59,(anonymous_13)
FN:62,(anonymous_14)
FN:68,(anonymous_15)
FNF:15
FNH:0
FNDA:0,(anonymous_1)
FNDA:0,(anonymous_2)
FNDA:0,(anonymous_3)
FNDA:0,(anonymous_4)
FNDA:0,(anonymous_5)
FNDA:0,(anonymous_6)
FNDA:0,(anonymous_7)
FNDA:0,(anonymous_8)
FNDA:0,(anonymous_9)
FNDA:0,(anonymous_10)
FNDA:0,(anonymous_11)
FNDA:0,(anonymous_12)
FNDA:0,(anonymous_13)
FNDA:0,(anonymous_14)
FNDA:0,(anonymous_15)
DA:2,1
DA:3,0
DA:5,0
DA:6,0
DA:7,0
DA:8,0
DA:9,0
DA:12,0
DA:13,0
DA:14,0
DA:17,0
DA:18,0
DA:21,0
DA:22,0
DA:27,0
DA:29,0
DA:30,0
DA:31,0
DA:33,0
DA:36,0
DA:37,0
DA:38,0
DA:41,0
DA:42,0
DA:43,0
DA:45,0
DA:48,0
DA:49,0
DA:51,0
DA:54,0
DA:55,0
DA:56,0
DA:59,0
DA:60,0
DA:61,0
DA:63,0
DA:66,0
DA:67,0
DA:69,0
DA:72,0
DA:73,0
DA:74,0
DA:75,0
LF:43
LH:1
BRF:0
BRH:0
end_of_record
