{"/Users/jenniferbacon/Documents/Coding/Makers/week14/tictactoe-tech-test/combinationCalculator.js":{"path":"/Users/jenniferbacon/Documents/Coding/Makers/week14/tictactoe-tech-test/combinationCalculator.js","s":{"1":1,"2":1,"3":1,"4":0,"5":1,"6":0,"7":0,"8":0,"9":0,"10":0,"11":1,"12":0,"13":0,"14":0,"15":0,"16":0,"17":1,"18":0,"19":0,"20":0,"21":0,"22":1},"b":{},"f":{"1":1,"2":0,"3":0,"4":0,"5":0,"6":0},"fnMap":{"1":{"name":"(anonymous_1)","line":1,"loc":{"start":{"line":1,"column":1},"end":{"line":1,"column":18}}},"2":{"name":"(anonymous_2)","line":3,"loc":{"start":{"line":3,"column":29},"end":{"line":3,"column":40}}},"3":{"name":"(anonymous_3)","line":6,"loc":{"start":{"line":6,"column":52},"end":{"line":6,"column":76}}},"4":{"name":"(anonymous_4)","line":10,"loc":{"start":{"line":10,"column":55},"end":{"line":10,"column":79}}},"5":{"name":"(anonymous_5)","line":18,"loc":{"start":{"line":18,"column":58},"end":{"line":18,"column":82}}},"6":{"name":"(anonymous_6)","line":26,"loc":{"start":{"line":26,"column":60},"end":{"line":26,"column":84}}}},"statementMap":{"1":{"start":{"line":1,"column":0},"end":{"line":34,"column":9}},"2":{"start":{"line":3,"column":1},"end":{"line":4,"column":3}},"3":{"start":{"line":6,"column":1},"end":{"line":8,"column":3}},"4":{"start":{"line":7,"column":2},"end":{"line":7,"column":150}},"5":{"start":{"line":10,"column":1},"end":{"line":16,"column":3}},"6":{"start":{"line":11,"column":2},"end":{"line":11,"column":27}},"7":{"start":{"line":12,"column":2},"end":{"line":12,"column":76}},"8":{"start":{"line":13,"column":2},"end":{"line":13,"column":76}},"9":{"start":{"line":14,"column":2},"end":{"line":14,"column":76}},"10":{"start":{"line":15,"column":2},"end":{"line":15,"column":25}},"11":{"start":{"line":18,"column":1},"end":{"line":24,"column":3}},"12":{"start":{"line":19,"column":2},"end":{"line":19,"column":30}},"13":{"start":{"line":20,"column":2},"end":{"line":20,"column":79}},"14":{"start":{"line":21,"column":2},"end":{"line":21,"column":79}},"15":{"start":{"line":22,"column":2},"end":{"line":22,"column":79}},"16":{"start":{"line":23,"column":2},"end":{"line":23,"column":28}},"17":{"start":{"line":26,"column":1},"end":{"line":31,"column":3}},"18":{"start":{"line":27,"column":2},"end":{"line":27,"column":32}},"19":{"start":{"line":28,"column":2},"end":{"line":28,"column":81}},"20":{"start":{"line":29,"column":2},"end":{"line":29,"column":81}},"21":{"start":{"line":30,"column":2},"end":{"line":30,"column":30}},"22":{"start":{"line":33,"column":1},"end":{"line":33,"column":55}}},"branchMap":{}}}